[debug] [2023-04-24T15:27:38.466Z] ----------------------------------------------------------------------
[debug] [2023-04-24T15:27:38.470Z] Command:       /home/mmacfa/.nvm/versions/node/v20.0.0/bin/node /home/mmacfa/.nvm/versions/node/v20.0.0/bin/firebase deploy
[debug] [2023-04-24T15:27:38.471Z] CLI Version:   11.28.0
[debug] [2023-04-24T15:27:38.472Z] Platform:      linux
[debug] [2023-04-24T15:27:38.472Z] Node Version:  v20.0.0
[debug] [2023-04-24T15:27:38.472Z] Time:          Mon Apr 24 2023 11:27:38 GMT-0400 (Eastern Daylight Time)
[debug] [2023-04-24T15:27:38.472Z] ----------------------------------------------------------------------
[debug] 
[debug] [2023-04-24T15:27:38.605Z] > command requires scopes: ["email","openid","https://www.googleapis.com/auth/cloudplatformprojects.readonly","https://www.googleapis.com/auth/firebase","https://www.googleapis.com/auth/cloud-platform"]
[debug] [2023-04-24T15:27:38.606Z] > authorizing via signed-in user (matthewrobertmacfarlane@gmail.com)
[debug] [2023-04-24T15:27:38.606Z] [iam] checking project pullupnyc for permissions ["cloudfunctions.functions.create","cloudfunctions.functions.delete","cloudfunctions.functions.get","cloudfunctions.functions.list","cloudfunctions.functions.update","cloudfunctions.operations.get","firebase.projects.get","firebasedatabase.instances.update","firebasehosting.sites.update","firebaserules.releases.create","firebaserules.releases.update","firebaserules.rulesets.create",null]
[debug] [2023-04-24T15:27:38.607Z] > refreshing access token with scopes: []
[debug] [2023-04-24T15:27:38.609Z] >>> [apiv2][query] POST https://www.googleapis.com/oauth2/v3/token [none]
[debug] [2023-04-24T15:27:38.610Z] >>> [apiv2][body] POST https://www.googleapis.com/oauth2/v3/token [omitted]
[debug] [2023-04-24T15:27:38.816Z] <<< [apiv2][status] POST https://www.googleapis.com/oauth2/v3/token 200
[debug] [2023-04-24T15:27:38.817Z] <<< [apiv2][body] POST https://www.googleapis.com/oauth2/v3/token [omitted]
[debug] [2023-04-24T15:27:38.835Z] >>> [apiv2][query] POST https://cloudresourcemanager.googleapis.com/v1/projects/pullupnyc:testIamPermissions [none]
[debug] [2023-04-24T15:27:38.835Z] >>> [apiv2][(partial)header] POST https://cloudresourcemanager.googleapis.com/v1/projects/pullupnyc:testIamPermissions x-goog-quota-user=projects/pullupnyc
[debug] [2023-04-24T15:27:38.835Z] >>> [apiv2][body] POST https://cloudresourcemanager.googleapis.com/v1/projects/pullupnyc:testIamPermissions {"permissions":["cloudfunctions.functions.create","cloudfunctions.functions.delete","cloudfunctions.functions.get","cloudfunctions.functions.list","cloudfunctions.functions.update","cloudfunctions.operations.get","firebase.projects.get","firebasedatabase.instances.update","firebasehosting.sites.update","firebaserules.releases.create","firebaserules.releases.update","firebaserules.rulesets.create",null]}
[debug] [2023-04-24T15:27:39.197Z] <<< [apiv2][status] POST https://cloudresourcemanager.googleapis.com/v1/projects/pullupnyc:testIamPermissions 200
[debug] [2023-04-24T15:27:39.198Z] <<< [apiv2][body] POST https://cloudresourcemanager.googleapis.com/v1/projects/pullupnyc:testIamPermissions {"permissions":["cloudfunctions.functions.create","cloudfunctions.functions.delete","cloudfunctions.functions.get","cloudfunctions.functions.list","cloudfunctions.functions.update","cloudfunctions.operations.get","firebase.projects.get","firebasedatabase.instances.update","firebasehosting.sites.update","firebaserules.releases.create","firebaserules.releases.update","firebaserules.rulesets.create"]}
[debug] [2023-04-24T15:27:39.199Z] [iam] error while checking permissions, command may fail: FirebaseError: Authorization failed. This account is missing the following required permissions on project pullupnyc:

  
[debug] [2023-04-24T15:27:39.200Z] >>> [apiv2][query] POST https://iam.googleapis.com/v1/projects/pullupnyc/serviceAccounts/pullupnyc@appspot.gserviceaccount.com:testIamPermissions [none]
[debug] [2023-04-24T15:27:39.200Z] >>> [apiv2][body] POST https://iam.googleapis.com/v1/projects/pullupnyc/serviceAccounts/pullupnyc@appspot.gserviceaccount.com:testIamPermissions {"permissions":["iam.serviceAccounts.actAs"]}
[debug] [2023-04-24T15:27:39.353Z] <<< [apiv2][status] POST https://iam.googleapis.com/v1/projects/pullupnyc/serviceAccounts/pullupnyc@appspot.gserviceaccount.com:testIamPermissions 200
[debug] [2023-04-24T15:27:39.353Z] <<< [apiv2][body] POST https://iam.googleapis.com/v1/projects/pullupnyc/serviceAccounts/pullupnyc@appspot.gserviceaccount.com:testIamPermissions {"permissions":["iam.serviceAccounts.actAs"]}
[debug] [2023-04-24T15:27:39.355Z] >>> [apiv2][query] GET https://firebase.googleapis.com/v1beta1/projects/pullupnyc [none]
[debug] [2023-04-24T15:27:39.710Z] <<< [apiv2][status] GET https://firebase.googleapis.com/v1beta1/projects/pullupnyc 200
[debug] [2023-04-24T15:27:39.710Z] <<< [apiv2][body] GET https://firebase.googleapis.com/v1beta1/projects/pullupnyc {"projectId":"pullupnyc","projectNumber":"737390277278","displayName":"pullupnyc","name":"projects/pullupnyc","resources":{"hostingSite":"pullupnyc","realtimeDatabaseInstance":"pullupnyc-default-rtdb","storageBucket":"pullupnyc.appspot.com","locationId":"us-central"},"state":"ACTIVE","etag":"1_950b84ce-b297-4377-a3aa-c2d71d069c89"}
[debug] [2023-04-24T15:27:39.712Z] >>> [apiv2][query] GET https://firebase.googleapis.com/v1beta1/projects/pullupnyc [none]
[debug] [2023-04-24T15:27:39.937Z] <<< [apiv2][status] GET https://firebase.googleapis.com/v1beta1/projects/pullupnyc 200
[debug] [2023-04-24T15:27:39.938Z] <<< [apiv2][body] GET https://firebase.googleapis.com/v1beta1/projects/pullupnyc {"projectId":"pullupnyc","projectNumber":"737390277278","displayName":"pullupnyc","name":"projects/pullupnyc","resources":{"hostingSite":"pullupnyc","realtimeDatabaseInstance":"pullupnyc-default-rtdb","storageBucket":"pullupnyc.appspot.com","locationId":"us-central"},"state":"ACTIVE","etag":"1_950b84ce-b297-4377-a3aa-c2d71d069c89"}
[info] 
[info] === Deploying to 'pullupnyc'...
[info] 
[info] i  deploying database, storage, functions, hosting, extensions 
[info] i  database: checking rules syntax... 
[debug] [2023-04-24T15:27:39.947Z] >>> [apiv2][query] GET https://firebasedatabase.googleapis.com/v1beta/projects/pullupnyc/locations/-/instances/pullupnyc-default-rtdb [none]
[debug] [2023-04-24T15:27:44.030Z] Failed to make request to https://firebasedatabase.googleapis.com/v1beta/projects/pullupnyc/locations/-/instances/pullupnyc-default-rtdb
[debug] [2023-04-24T15:27:44.323Z] FirebaseError: Failed to make request to https://firebasedatabase.googleapis.com/v1beta/projects/pullupnyc/locations/-/instances/pullupnyc-default-rtdb
    at RetryOperation._fn (/home/mmacfa/.nvm/versions/node/v20.0.0/lib/node_modules/firebase-tools/lib/apiv2.js:242:31)
    at process.processTicksAndRejections (node:internal/process/task_queues:95:5)
[error] 
[error] Error: Failed to get instance details for instance: pullupnyc-default-rtdb. See firebase-debug.log for more details.
